<?xml version="1.0" encoding="UTF-8"?>
<!-- Generated by org.testng.reporters.JUnitXMLReporter -->
<testsuite ignored="2" hostname="DESKTOP-APQ9G29" failures="0" tests="1" name="Default test" time="21.838" errors="0" timestamp="2023-07-05T10:26:42 GMT-07:00">
  <testcase classname="com.amazon_search.qa.testcases.SearchAndCartFunctionality" name="verifyAddingProductToCart" time="13.831"/>
  <testcase classname="com.amazon_search.qa.testcases.SearchAndCartFunctionality" name="verifyInvalidProductSearch" time="0.0">
    <ignored/>
  </testcase> <!-- verifyInvalidProductSearch -->
  <testcase classname="com.amazon_search.qa.testcases.SearchAndCartFunctionality" name="verifyValidProductSearch" time="0.0">
    <ignored/>
  </testcase> <!-- verifyValidProductSearch -->
</testsuite> <!-- Default test -->
