<?xml version="1.0" encoding="UTF-8"?>
<!-- Generated by org.testng.reporters.JUnitXMLReporter -->
<testsuite ignored="0" hostname="DESKTOP-APQ9G29" failures="0" tests="3" name="Test" time="31.634" errors="0" timestamp="2023-07-05T10:41:35 GMT-07:00">
  <testcase classname="com.amazon_search.qa.testcases.SearchAndCartFunctionality" name="verifyValidProductSearch" time="2.356"/>
  <testcase classname="com.amazon_search.qa.testcases.SearchAndCartFunctionality" name="verifyAddingProductToCart" time="12.792"/>
  <testcase classname="com.amazon_search.qa.testcases.SearchAndCartFunctionality" name="verifyInvalidProductSearch" time="1.609"/>
</testsuite> <!-- Test -->
