<?xml version="1.0" encoding="UTF-8"?>
<testng-results ignored="0" total="3" passed="3" failed="0" skipped="0">
  <reporter-output>
  </reporter-output>
  <suite started-at="2023-07-05T10:41:01 GMT-07:00" name="Suite" finished-at="2023-07-05T10:41:33 GMT-07:00" duration-ms="31634">
    <groups>
    </groups>
    <test started-at="2023-07-05T10:41:01 GMT-07:00" name="Test" finished-at="2023-07-05T10:41:33 GMT-07:00" duration-ms="31634">
      <class name="com.amazon_search.qa.testcases.SearchAndCartFunctionality">
        <test-method is-config="true" signature="setup()[pri:0, instance:com.amazon_search.qa.testcases.SearchAndCartFunctionality@e350b40]" started-at="2023-07-05T10:41:02 GMT-07:00" name="setup" finished-at="2023-07-05T10:41:07 GMT-07:00" duration-ms="4861" status="PASS">
          <reporter-output>
          </reporter-output>
        </test-method> <!-- setup -->
        <test-method signature="verifyValidProductSearch()[pri:1, instance:com.amazon_search.qa.testcases.SearchAndCartFunctionality@e350b40]" started-at="2023-07-05T10:41:07 GMT-07:00" name="verifyValidProductSearch" finished-at="2023-07-05T10:41:09 GMT-07:00" duration-ms="2356" status="PASS">
          <reporter-output>
          </reporter-output>
        </test-method> <!-- verifyValidProductSearch -->
        <test-method is-config="true" signature="tearDownMethod()[pri:0, instance:com.amazon_search.qa.testcases.SearchAndCartFunctionality@e350b40]" started-at="2023-07-05T10:41:09 GMT-07:00" name="tearDownMethod" finished-at="2023-07-05T10:41:10 GMT-07:00" duration-ms="240" status="PASS">
          <reporter-output>
          </reporter-output>
        </test-method> <!-- tearDownMethod -->
        <test-method is-config="true" signature="setup()[pri:0, instance:com.amazon_search.qa.testcases.SearchAndCartFunctionality@e350b40]" started-at="2023-07-05T10:41:10 GMT-07:00" name="setup" finished-at="2023-07-05T10:41:14 GMT-07:00" duration-ms="4060" status="PASS">
          <reporter-output>
          </reporter-output>
        </test-method> <!-- setup -->
        <test-method signature="verifyAddingProductToCart()[pri:2, instance:com.amazon_search.qa.testcases.SearchAndCartFunctionality@e350b40]" started-at="2023-07-05T10:41:14 GMT-07:00" name="verifyAddingProductToCart" finished-at="2023-07-05T10:41:26 GMT-07:00" duration-ms="12792" status="PASS">
          <reporter-output>
          </reporter-output>
        </test-method> <!-- verifyAddingProductToCart -->
        <test-method is-config="true" signature="tearDownMethod()[pri:0, instance:com.amazon_search.qa.testcases.SearchAndCartFunctionality@e350b40]" started-at="2023-07-05T10:41:27 GMT-07:00" name="tearDownMethod" finished-at="2023-07-05T10:41:27 GMT-07:00" duration-ms="325" status="PASS">
          <reporter-output>
          </reporter-output>
        </test-method> <!-- tearDownMethod -->
        <test-method is-config="true" signature="setup()[pri:0, instance:com.amazon_search.qa.testcases.SearchAndCartFunctionality@e350b40]" started-at="2023-07-05T10:41:27 GMT-07:00" name="setup" finished-at="2023-07-05T10:41:31 GMT-07:00" duration-ms="3922" status="PASS">
          <reporter-output>
          </reporter-output>
        </test-method> <!-- setup -->
        <test-method signature="verifyInvalidProductSearch()[pri:3, instance:com.amazon_search.qa.testcases.SearchAndCartFunctionality@e350b40]" started-at="2023-07-05T10:41:31 GMT-07:00" name="verifyInvalidProductSearch" finished-at="2023-07-05T10:41:33 GMT-07:00" duration-ms="1609" status="PASS">
          <reporter-output>
          </reporter-output>
        </test-method> <!-- verifyInvalidProductSearch -->
        <test-method is-config="true" signature="tearDownMethod()[pri:0, instance:com.amazon_search.qa.testcases.SearchAndCartFunctionality@e350b40]" started-at="2023-07-05T10:41:33 GMT-07:00" name="tearDownMethod" finished-at="2023-07-05T10:41:33 GMT-07:00" duration-ms="248" status="PASS">
          <reporter-output>
          </reporter-output>
        </test-method> <!-- tearDownMethod -->
      </class> <!-- com.amazon_search.qa.testcases.SearchAndCartFunctionality -->
    </test> <!-- Test -->
  </suite> <!-- Suite -->
</testng-results>
